<?xml version="1.0" encoding="UTF-8"?>
<testng-results ignored="0" total="1" passed="1" failed="0" skipped="0">
  <reporter-output>
  </reporter-output>
  <suite started-at="2023-11-03T12:36:43 PKT" name="Default suite" finished-at="2023-11-03T12:36:49 PKT" duration-ms="5692">
    <groups>
    </groups>
    <test started-at="2023-11-03T12:36:43 PKT" name="Default test" finished-at="2023-11-03T12:36:49 PKT" duration-ms="5692">
      <class name="gridServer.GoogleTest">
        <test-method signature="HomePageCheck()[pri:0, instance:gridServer.GoogleTest@489115ef]" started-at="2023-11-03T12:36:43 PKT" name="HomePageCheck" finished-at="2023-11-03T12:36:49 PKT" duration-ms="5645" status="PASS">
          <reporter-output>
          </reporter-output>
        </test-method> <!-- HomePageCheck -->
      </class> <!-- gridServer.GoogleTest -->
    </test> <!-- Default test -->
  </suite> <!-- Default suite -->
</testng-results>
