<?xml version="1.0" encoding="UTF-8"?>
<!-- Generated by org.testng.reporters.JUnitXMLReporter -->
<testsuite ignored="0" hostname="DESKTOP-9LN3PKI" failures="1" tests="2" name="BuyProduct2" time="39.714" errors="0" timestamp="2023-10-31T18:28:41 PKT">
  <testcase classname="frameworkPart3.SendingDataInHashMap" name="standAloneTest" time="10.436"/>
  <testcase classname="frameworkPart3.SendingDataInHashMap" name="standAloneTest" time="0.697">
    <failure type="java.lang.AssertionError" message="expected [Incorrect email or password.] but found [Incorrect dfemail or password.dfds]">
      <![CDATA[java.lang.AssertionError: expected [Incorrect email or password.] but found [Incorrect dfemail or password.dfds]
at frameworkPart3.SendingDataInHashMap.standAloneTest(SendingDataInHashMap.java:47)
at java.base/java.util.ArrayList.forEach(ArrayList.java:1511)
... Removed 31 stack frames]]>
    </failure>
  </testcase> <!-- standAloneTest -->
</testsuite> <!-- BuyProduct2 -->
